<?xml version="1.0" encoding="UTF-8"?>
<!-- Generated by org.testng.reporters.JUnitReportReporter -->
<testsuite skipped="0" hostname="Balaji" name="com.hcl.magentotest.HomeTest" tests="1" failures="0" timestamp="2020-05-08T10:28:39 IST" time="8.524" errors="0">
  <testcase name="totalLinkTest" time="8.524" classname="com.hcl.magentotest.HomeTest"/>
  <system-out/>
</testsuite> <!-- com.hcl.magentotest.HomeTest -->
