<?xml version="1.0" encoding="UTF-8"?>
<!-- Generated by org.testng.reporters.JUnitReportReporter -->
<testsuite skipped="0" hostname="Balaji" name="com.hcl.magentotest.RegisterTest" tests="2" failures="0" timestamp="2020-05-07T15:52:59 IST" time="35.647" errors="0">
  <testcase name="registrationTest" time="13.190" classname="com.hcl.magentotest.RegisterTest"/>
  <system-out/>
  <testcase name="registrationTest" time="22.457" classname="com.hcl.magentotest.RegisterTest"/>
  <system-out/>
</testsuite> <!-- com.hcl.magentotest.RegisterTest -->
