<?xml version="1.0" encoding="UTF-8"?>
<!-- Generated by org.testng.reporters.JUnitReportReporter -->
<testsuite skipped="1" hostname="Balaji" name="com.hcl.magentotest.LoginTest" tests="2" failures="0" timestamp="2020-05-08T11:14:12 IST" time="44.243" errors="0">
  <testcase name="validCredentialTest" time="44.243" classname="com.hcl.magentotest.LoginTest"/>
  <system-out/>
  <testcase name="invalidCredentialTest" classname="com.hcl.magentotest.LoginTest">
    <skipped/>
  </testcase> <!-- invalidCredentialTest -->
  <system-out/>
</testsuite> <!-- com.hcl.magentotest.LoginTest -->
