<?xml version="1.0" encoding="UTF-8"?>
<!-- Generated by org.testng.reporters.JUnitReportReporter -->
<testsuite skipped="0" hostname="Balaji" name="com.hcl.magentotest.RegisterTest" tests="2" failures="0" timestamp="2020-05-07T16:49:15 IST" time="41.469" errors="0">
  <testcase name="registrationTest" time="18.655" classname="com.hcl.magentotest.RegisterTest"/>
  <system-out/>
  <testcase name="registrationTest" time="22.814" classname="com.hcl.magentotest.RegisterTest"/>
  <system-out/>
</testsuite> <!-- com.hcl.magentotest.RegisterTest -->
