<?xml version="1.0" encoding="UTF-8"?>
<!-- Generated by org.testng.reporters.JUnitReportReporter -->
<testsuite skipped="1" hostname="Balaji" name="com.hcl.magentotest.LoginTest" tests="2" failures="0" timestamp="2020-05-07T16:49:15 IST" time="28.383" errors="0">
  <testcase name="validCredentialTest" time="28.383" classname="com.hcl.magentotest.LoginTest"/>
  <system-out/>
  <testcase name="invalidCredentialTest" classname="com.hcl.magentotest.LoginTest">
    <skipped/>
  </testcase> <!-- invalidCredentialTest -->
  <system-out/>
</testsuite> <!-- com.hcl.magentotest.LoginTest -->
